-3.14159 1.22465e-16
-3.12903 0.012567
-3.11646 0.025138
-3.10389 0.037717
-3.09133 0.0503079
-3.07876 0.0629147
-3.06619 0.0755414
-3.05363 0.0881922
-3.04106 0.100871
-3.0285 0.113582
-3.01593 0.126329
-3.00336 0.139117
-2.9908 0.15195
-2.97823 0.164832
-2.96566 0.177767
-2.9531 0.19076
-2.94053 0.203816
-2.92796 0.216939
-2.9154 0.230133
-2.90283 0.243404
-2.89027 0.256756
-2.8777 0.270195
-2.86513 0.283726
-2.85257 0.297353
-2.84 0.311082
-2.82743 0.32492
-2.81487 0.33887
-2.8023 0.35294
-2.78973 0.367136
-2.77717 0.381463
-2.7646 0.395928
-2.75204 0.410538
-2.73947 0.425299
-2.7269 0.440219
-2.71434 0.455305
-2.70177 0.470564
-2.6892 0.486005
-2.67664 0.501636
-2.66407 0.517465
-2.6515 0.533502
-2.63894 0.549755
-2.62637 0.566234
-2.61381 0.582949
-2.60124 0.599911
-2.58867 0.61713
-2.57611 0.634619
-2.56354 0.652389
-2.55097 0.670453
-2.53841 0.688824
-2.52584 0.707516
-2.51327 0.726543
-2.50071 0.74592
-2.48814 0.765665
-2.47558 0.785793
-2.46301 0.806322
-2.45044 0.827272
-2.43788 0.848662
-2.42531 0.870513
-2.41274 0.892848
-2.40018 0.915689
-2.38761 0.939063
-2.37504 0.962994
-2.36248 0.987512
-2.34991 1.01265
-2.33734 1.03843
-2.32478 1.06489
-2.31221 1.09207
-2.29965 1.12001
-2.28708 1.14875
-2.27451 1.17833
-2.26195 1.20879
-2.24938 1.2402
-2.23681 1.2726
-2.22425 1.30605
-2.21168 1.34063
-2.19911 1.37638
-2.18655 1.4134
-2.17398 1.45175
-2.16142 1.49153
-2.14885 1.53283
-2.13628 1.57575
-2.12372 1.6204
-2.11115 1.66691
-2.09858 1.71542
-2.08602 1.76606
-2.07345 1.81899
-2.06088 1.87441
-2.04832 1.9325
-2.03575 1.99348
-2.02319 2.05759
-2.01062 2.12511
-1.99805 2.19633
-1.98549 2.2716
-1.97292 2.35129
-1.96035 2.43583
-1.94779 2.52571
-1.93522 2.62149
-1.92265 2.72379
-1.91009 2.83334
-1.89752 2.95098
-1.88496 3.07768
-1.87239 3.21458
-1.85982 3.36301
-1.84726 3.52453
-1.83469 3.70103
-1.82212 3.89474
-1.80956 4.1084
-1.79699 4.34531
-1.78442 4.6096
-1.77186 4.90639
-1.75929 5.24218
-1.74673 5.62534
-1.73416 6.06679
-1.72159 6.58111
-1.70903 7.18818
-1.69646 7.91582
-1.68389 8.80421
-1.67133 9.91365
-1.65876 11.3389
-1.64619 13.2378
-1.63363 15.8945
-1.62106 19.8776
-1.6085 26.5133
-1.59593 39.7804
-1.58336 79.5733
-1.5708 -7.47166e+13
-1.55823 -79.5733
-1.54566 -39.7804
-1.5331 -26.5133
-1.52053 -19.8776
-1.50796 -15.8945
-1.4954 -13.2378
-1.48283 -11.3389
-1.47027 -9.91365
-1.4577 -8.80421
-1.44513 -7.91582
-1.43257 -7.18818
-1.42 -6.58111
-1.40743 -6.06679
-1.39487 -5.62534
-1.3823 -5.24218
-1.36973 -4.90639
-1.35717 -4.6096
-1.3446 -4.34531
-1.33204 -4.1084
-1.31947 -3.89474
-1.3069 -3.70103
-1.29434 -3.52453
-1.28177 -3.36301
-1.2692 -3.21458
-1.25664 -3.07768
-1.24407 -2.95098
-1.2315 -2.83334
-1.21894 -2.72379
-1.20637 -2.62149
-1.19381 -2.52571
-1.18124 -2.43583
-1.16867 -2.35129
-1.15611 -2.2716
-1.14354 -2.19633
-1.13097 -2.12511
-1.11841 -2.05759
-1.10584 -1.99348
-1.09327 -1.9325
-1.08071 -1.87441
-1.06814 -1.81899
-1.05558 -1.76606
-1.04301 -1.71542
-1.03044 -1.66691
-1.01788 -1.6204
-1.00531 -1.57575
-0.992743 -1.53283
-0.980177 -1.49153
-0.967611 -1.45175
-0.955044 -1.4134
-0.942478 -1.37638
-0.929911 -1.34063
-0.917345 -1.30605
-0.904779 -1.2726
-0.892212 -1.2402
-0.879646 -1.20879
-0.86708 -1.17833
-0.854513 -1.14875
-0.841947 -1.12001
-0.82938 -1.09207
-0.816814 -1.06489
-0.804248 -1.03843
-0.791681 -1.01265
-0.779115 -0.987512
-0.766549 -0.962994
-0.753982 -0.939063
-0.741416 -0.915689
-0.728849 -0.892848
-0.716283 -0.870513
-0.703717 -0.848662
-0.69115 -0.827272
-0.678584 -0.806322
-0.666018 -0.785793
-0.653451 -0.765665
-0.640885 -0.74592
-0.628319 -0.726543
-0.615752 -0.707516
-0.603186 -0.688824
-0.590619 -0.670453
-0.578053 -0.652389
-0.565487 -0.634619
-0.55292 -0.61713
-0.540354 -0.599911
-0.527788 -0.582949
-0.515221 -0.566234
-0.502655 -0.549755
-0.490088 -0.533502
-0.477522 -0.517465
-0.464956 -0.501636
-0.452389 -0.486005
-0.439823 -0.470564
-0.427257 -0.455305
-0.41469 -0.440219
-0.402124 -0.425299
-0.389557 -0.410538
-0.376991 -0.395928
-0.364425 -0.381463
-0.351858 -0.367136
-0.339292 -0.35294
-0.326726 -0.33887
-0.314159 -0.32492
-0.301593 -0.311082
-0.289027 -0.297353
-0.27646 -0.283726
-0.263894 -0.270195
-0.251327 -0.256756
-0.238761 -0.243404
-0.226195 -0.230133
-0.213628 -0.216939
-0.201062 -0.203816
-0.188496 -0.19076
-0.175929 -0.177767
-0.163363 -0.164832
-0.150796 -0.15195
-0.13823 -0.139117
-0.125664 -0.126329
-0.113097 -0.113582
-0.100531 -0.100871
-0.0879646 -0.0881922
-0.0753982 -0.0755414
-0.0628319 -0.0629147
-0.0502655 -0.0503079
-0.0376991 -0.037717
-0.0251327 -0.025138
-0.0125664 -0.012567
1.77948e-14 1.77948e-14
0.0125664 0.012567
0.0251327 0.025138
0.0376991 0.037717
0.0502655 0.0503079
0.0628319 0.0629147
0.0753982 0.0755414
0.0879646 0.0881922
0.100531 0.100871
0.113097 0.113582
0.125664 0.126329
0.13823 0.139117
0.150796 0.15195
0.163363 0.164832
0.175929 0.177767
0.188496 0.19076
0.201062 0.203816
0.213628 0.216939
0.226195 0.230133
0.238761 0.243404
0.251327 0.256756
0.263894 0.270195
0.27646 0.283726
0.289027 0.297353
0.301593 0.311082
0.314159 0.32492
0.326726 0.33887
0.339292 0.35294
0.351858 0.367136
0.364425 0.381463
0.376991 0.395928
0.389557 0.410538
0.402124 0.425299
0.41469 0.440219
0.427257 0.455305
0.439823 0.470564
0.452389 0.486005
0.464956 0.501636
0.477522 0.517465
0.490088 0.533502
0.502655 0.549755
0.515221 0.566234
0.527788 0.582949
0.540354 0.599911
0.55292 0.61713
0.565487 0.634619
0.578053 0.652389
0.590619 0.670453
0.603186 0.688824
0.615752 0.707516
0.628319 0.726543
0.640885 0.74592
0.653451 0.765665
0.666018 0.785793
0.678584 0.806322
0.69115 0.827272
0.703717 0.848662
0.716283 0.870513
0.728849 0.892848
0.741416 0.915689
0.753982 0.939063
0.766549 0.962994
0.779115 0.987512
0.791681 1.01265
0.804248 1.03843
0.816814 1.06489
0.82938 1.09207
0.841947 1.12001
0.854513 1.14875
0.86708 1.17833
0.879646 1.20879
0.892212 1.2402
0.904779 1.2726
0.917345 1.30605
0.929911 1.34063
0.942478 1.37638
0.955044 1.4134
0.967611 1.45175
0.980177 1.49153
0.992743 1.53283
1.00531 1.57575
1.01788 1.6204
1.03044 1.66691
1.04301 1.71542
1.05558 1.76606
1.06814 1.81899
1.08071 1.87441
1.09327 1.9325
1.10584 1.99348
1.11841 2.05759
1.13097 2.12511
1.14354 2.19633
1.15611 2.2716
1.16867 2.35129
1.18124 2.43583
1.19381 2.52571
1.20637 2.62149
1.21894 2.72379
1.2315 2.83334
1.24407 2.95098
1.25664 3.07768
1.2692 3.21458
1.28177 3.36301
1.29434 3.52453
1.3069 3.70103
1.31947 3.89474
1.33204 4.1084
1.3446 4.34531
1.35717 4.6096
1.36973 4.90639
1.3823 5.24218
1.39487 5.62534
1.40743 6.06679
1.42 6.58111
1.43257 7.18818
1.44513 7.91582
1.4577 8.80421
1.47027 9.91365
1.48283 11.3389
1.4954 13.2378
1.50796 15.8945
1.52053 19.8776
1.5331 26.5133
1.54566 39.7804
1.55823 79.5733
1.5708 -4.47122e+13
1.58336 -79.5733
1.59593 -39.7804
1.6085 -26.5133
1.62106 -19.8776
1.63363 -15.8945
1.64619 -13.2378
1.65876 -11.3389
1.67133 -9.91365
1.68389 -8.80421
1.69646 -7.91582
1.70903 -7.18818
1.72159 -6.58111
1.73416 -6.06679
1.74673 -5.62534
1.75929 -5.24218
1.77186 -4.90639
1.78442 -4.6096
1.79699 -4.34531
1.80956 -4.1084
1.82212 -3.89474
1.83469 -3.70103
1.84726 -3.52453
1.85982 -3.36301
1.87239 -3.21458
1.88496 -3.07768
1.89752 -2.95098
1.91009 -2.83334
1.92265 -2.72379
1.93522 -2.62149
1.94779 -2.52571
1.96035 -2.43583
1.97292 -2.35129
1.98549 -2.2716
1.99805 -2.19633
2.01062 -2.12511
2.02319 -2.05759
2.03575 -1.99348
2.04832 -1.9325
2.06088 -1.87441
2.07345 -1.81899
2.08602 -1.76606
2.09858 -1.71542
2.11115 -1.66691
2.12372 -1.6204
2.13628 -1.57575
2.14885 -1.53283
2.16142 -1.49153
2.17398 -1.45175
2.18655 -1.4134
2.19911 -1.37638
2.21168 -1.34063
2.22425 -1.30605
2.23681 -1.2726
2.24938 -1.2402
2.26195 -1.20879
2.27451 -1.17833
2.28708 -1.14875
2.29965 -1.12001
2.31221 -1.09207
2.32478 -1.06489
2.33734 -1.03843
2.34991 -1.01265
2.36248 -0.987512
2.37504 -0.962994
2.38761 -0.939063
2.40018 -0.915689
2.41274 -0.892848
2.42531 -0.870513
2.43788 -0.848662
2.45044 -0.827272
2.46301 -0.806322
2.47558 -0.785793
2.48814 -0.765665
2.50071 -0.74592
2.51327 -0.726543
2.52584 -0.707516
2.53841 -0.688824
2.55097 -0.670453
2.56354 -0.652389
2.57611 -0.634619
2.58867 -0.61713
2.60124 -0.599911
2.61381 -0.582949
2.62637 -0.566234
2.63894 -0.549755
2.6515 -0.533502
2.66407 -0.517465
2.67664 -0.501636
2.6892 -0.486005
2.70177 -0.470564
2.71434 -0.455305
2.7269 -0.440219
2.73947 -0.425299
2.75204 -0.410538
2.7646 -0.395928
2.77717 -0.381463
2.78973 -0.367136
2.8023 -0.35294
2.81487 -0.33887
2.82743 -0.32492
2.84 -0.311082
2.85257 -0.297353
2.86513 -0.283726
2.8777 -0.270195
2.89027 -0.256756
2.90283 -0.243404
2.9154 -0.230133
2.92796 -0.216939
2.94053 -0.203816
2.9531 -0.19076
2.96566 -0.177767
2.97823 -0.164832
2.9908 -0.15195
3.00336 -0.139117
3.01593 -0.126329
3.0285 -0.113582
3.04106 -0.100871
3.05363 -0.0881922
3.06619 -0.0755414
3.07876 -0.0629147
3.09133 -0.0503079
3.10389 -0.037717
3.11646 -0.025138
3.12903 -0.012567
