 -1.5708 -8.3882e+06
 -1.5677   -318.3
 -1.5645  -159.15
 -1.5614   -106.1
 -1.5582  -79.573
 -1.5551  -63.656
 -1.5519  -53.045
 -1.5488  -45.465
 -1.5457   -39.78
 -1.5425  -35.358
 -1.5394   -31.82
 -1.5362  -28.926
 -1.5331  -26.513
   -1.53  -24.472
 -1.5268  -22.722
 -1.5237  -21.205
 -1.5205  -19.878
 -1.5174  -18.706
 -1.5142  -17.665
 -1.5111  -16.733
  -1.508  -15.895
 -1.5048  -15.136
 -1.5017  -14.446
 -1.4985  -13.815
 -1.4954  -13.238
 -1.4923  -12.706
 -1.4891  -12.215
  -1.486  -11.761
 -1.4828  -11.339
 -1.4797  -10.946
 -1.4765  -10.579
 -1.4734  -10.236
 -1.4703  -9.9136
 -1.4671  -9.6112
  -1.464  -9.3264
 -1.4608  -9.0579
 -1.4577  -8.8042
 -1.4546  -8.5642
 -1.4514  -8.3367
 -1.4483  -8.1209
 -1.4451  -7.9158
  -1.442  -7.7207
 -1.4388  -7.5348
 -1.4357  -7.3575
 -1.4326  -7.1882
 -1.4294  -7.0264
 -1.4263  -6.8715
 -1.4231  -6.7233
   -1.42  -6.5811
 -1.4169  -6.4447
 -1.4137  -6.3137
 -1.4106  -6.1879
 -1.4074  -6.0668
 -1.4043  -5.9502
 -1.4012   -5.838
  -1.398  -5.7297
 -1.3949  -5.6253
 -1.3917  -5.5246
 -1.3886  -5.4272
 -1.3854  -5.3332
 -1.3823  -5.2422
 -1.3792  -5.1542
  -1.376  -5.0689
 -1.3729  -4.9864
 -1.3697  -4.9064
 -1.3666  -4.8288
 -1.3635  -4.7536
 -1.3603  -4.6805
 -1.3572  -4.6096
  -1.354  -4.5407
 -1.3509  -4.4737
 -1.3477  -4.4086
 -1.3446  -4.3453
 -1.3415  -4.2837
 -1.3383  -4.2237
 -1.3352  -4.1653
  -1.332  -4.1084
 -1.3289  -4.0529
 -1.3258  -3.9989
 -1.3226  -3.9462
 -1.3195  -3.8947
 -1.3163  -3.8446
 -1.3132  -3.7956
   -1.31  -3.7477
 -1.3069   -3.701
 -1.3038  -3.6554
 -1.3006  -3.6108
 -1.2975  -3.5672
 -1.2943  -3.5245
 -1.2912  -3.4828
 -1.2881   -3.442
 -1.2849  -3.4021
 -1.2818   -3.363
 -1.2786  -3.3247
 -1.2755  -3.2873
 -1.2723  -3.2505
 -1.2692  -3.2146
 -1.2661  -3.1793
 -1.2629  -3.1448
 -1.2598  -3.1109
 -1.2566  -3.0777
 -1.2535  -3.0451
 -1.2504  -3.0131
 -1.2472  -2.9818
 -1.2441   -2.951
 -1.2409  -2.9208
 -1.2378  -2.8911
 -1.2346   -2.862
 -1.2315  -2.8333
 -1.2284  -2.8052
 -1.2252  -2.7776
 -1.2221  -2.7505
 -1.2189  -2.7238
 -1.2158  -2.6976
 -1.2127  -2.6718
 -1.2095  -2.6464
 -1.2064  -2.6215
 -1.2032   -2.597
 -1.2001  -2.5728
 -1.1969  -2.5491
 -1.1938  -2.5257
 -1.1907  -2.5027
 -1.1875  -2.4801
 -1.1844  -2.4578
 -1.1812  -2.4358
 -1.1781  -2.4142
  -1.175  -2.3929
 -1.1718  -2.3719
 -1.1687  -2.3513
 -1.1655  -2.3309
 -1.1624  -2.3109
 -1.1592  -2.2911
 -1.1561  -2.2716
  -1.153  -2.2524
 -1.1498  -2.2334
 -1.1467  -2.2148
 -1.1435  -2.1963
 -1.1404  -2.1782
 -1.1373  -2.1602
 -1.1341  -2.1426
  -1.131  -2.1251
 -1.1278  -2.1079
 -1.1247  -2.0909
 -1.1215  -2.0741
 -1.1184  -2.0576
 -1.1153  -2.0413
 -1.1121  -2.0251
  -1.109  -2.0092
 -1.1058  -1.9935
 -1.1027  -1.9779
 -1.0996  -1.9626
 -1.0964  -1.9475
 -1.0933  -1.9325
 -1.0901  -1.9177
  -1.087  -1.9031
 -1.0838  -1.8887
 -1.0807  -1.8744
 -1.0776  -1.8603
 -1.0744  -1.8464
 -1.0713  -1.8326
 -1.0681   -1.819
  -1.065  -1.8055
 -1.0619  -1.7922
 -1.0587  -1.7791
 -1.0556  -1.7661
 -1.0524  -1.7532
 -1.0493  -1.7405
 -1.0462  -1.7279
  -1.043  -1.7154
 -1.0399  -1.7031
 -1.0367  -1.6909
 -1.0336  -1.6788
 -1.0304  -1.6669
 -1.0273  -1.6551
 -1.0242  -1.6434
  -1.021  -1.6319
 -1.0179  -1.6204
 -1.0147  -1.6091
 -1.0116  -1.5979
 -1.0085  -1.5867
 -1.0053  -1.5757
 -1.0022  -1.5649
-0.99903  -1.5541
-0.99588  -1.5434
-0.99274  -1.5328
 -0.9896  -1.5224
-0.98646   -1.512
-0.98332  -1.5017
-0.98018  -1.4915
-0.97704  -1.4814
-0.97389  -1.4715
-0.97075  -1.4616
-0.96761  -1.4517
-0.96447   -1.442
-0.96133  -1.4324
-0.95819  -1.4229
-0.95504  -1.4134
 -0.9519   -1.404
-0.94876  -1.3947
-0.94562  -1.3855
-0.94248  -1.3764
-0.93934  -1.3673
-0.93619  -1.3584
-0.93305  -1.3495
-0.92991  -1.3406
-0.92677  -1.3319
-0.92363  -1.3232
-0.92049  -1.3146
-0.91734  -1.3061
 -0.9142  -1.2976
-0.91106  -1.2892
-0.90792  -1.2809
-0.90478  -1.2726
-0.90164  -1.2644
 -0.8985  -1.2563
-0.89535  -1.2482
-0.89221  -1.2402
-0.88907  -1.2323
-0.88593  -1.2244
-0.88279  -1.2166
-0.87965  -1.2088
 -0.8765  -1.2011
-0.87336  -1.1934
-0.87022  -1.1859
-0.86708  -1.1783
-0.86394  -1.1708
 -0.8608  -1.1634
-0.85765  -1.1561
-0.85451  -1.1487
-0.85137  -1.1415
-0.84823  -1.1343
-0.84509  -1.1271
-0.84195    -1.12
-0.83881   -1.113
-0.83566  -1.1059
-0.83252   -1.099
-0.82938  -1.0921
-0.82624  -1.0852
 -0.8231  -1.0784
-0.81996  -1.0716
-0.81681  -1.0649
-0.81367  -1.0582
-0.81053  -1.0516
-0.80739   -1.045
-0.80425  -1.0384
-0.80111  -1.0319
-0.79796  -1.0255
-0.79482   -1.019
-0.79168  -1.0126
-0.78854  -1.0063
 -0.7854       -1
-0.78226 -0.99374
-0.77911 -0.98751
-0.77597 -0.98133
-0.77283 -0.97518
-0.76969 -0.96907
-0.76655 -0.96299
-0.76341 -0.95696
-0.76027 -0.95096
-0.75712 -0.94499
-0.75398 -0.93906
-0.75084 -0.93317
 -0.7477 -0.92731
-0.74456 -0.92148
-0.74142 -0.91569
-0.73827 -0.90993
-0.73513  -0.9042
-0.73199 -0.89851
-0.72885 -0.89285
-0.72571 -0.88722
-0.72257 -0.88162
-0.71942 -0.87605
-0.71628 -0.87051
-0.71314 -0.86501
   -0.71 -0.85953
-0.70686 -0.85408
-0.70372 -0.84866
-0.70058 -0.84327
-0.69743 -0.83791
-0.69429 -0.83258
-0.69115 -0.82727
-0.68801 -0.82199
-0.68487 -0.81674
-0.68173 -0.81152
-0.67858 -0.80632
-0.67544 -0.80115
 -0.6723 -0.79601
-0.66916 -0.79089
-0.66602 -0.78579
-0.66288 -0.78072
-0.65973 -0.77568
-0.65659 -0.77066
-0.65345 -0.76566
-0.65031 -0.76069
-0.64717 -0.75575
-0.64403 -0.75082
-0.64088 -0.74592
-0.63774 -0.74104
 -0.6346 -0.73619
-0.63146 -0.73135
-0.62832 -0.72654
-0.62518 -0.72175
-0.62204 -0.71699
-0.61889 -0.71224
-0.61575 -0.70752
-0.61261 -0.70281
-0.60947 -0.69813
-0.60633 -0.69347
-0.60319 -0.68882
-0.60004  -0.6842
 -0.5969  -0.6796
-0.59376 -0.67502
-0.59062 -0.67045
-0.58748 -0.66591
-0.58434 -0.66138
-0.58119 -0.65688
-0.57805 -0.65239
-0.57491 -0.64792
-0.57177 -0.64347
-0.56863 -0.63903
-0.56549 -0.63462
-0.56235 -0.63022
 -0.5592 -0.62584
-0.55606 -0.62148
-0.55292 -0.61713
-0.54978  -0.6128
-0.54664 -0.60849
 -0.5435 -0.60419
-0.54035 -0.59991
-0.53721 -0.59565
-0.53407  -0.5914
-0.53093 -0.58717
-0.52779 -0.58295
-0.52465 -0.57875
 -0.5215 -0.57456
-0.51836 -0.57039
-0.51522 -0.56623
-0.51208 -0.56209
-0.50894 -0.55797
 -0.5058 -0.55385
-0.50265 -0.54975
-0.49951 -0.54567
-0.49637  -0.5416
-0.49323 -0.53754
-0.49009  -0.5335
-0.48695 -0.52947
-0.48381 -0.52546
-0.48066 -0.52145
-0.47752 -0.51747
-0.47438 -0.51349
-0.47124 -0.50953
 -0.4681 -0.50557
-0.46496 -0.50164
-0.46181 -0.49771
-0.45867  -0.4938
-0.45553 -0.48989
-0.45239 -0.48601
-0.44925 -0.48213
-0.44611 -0.47826
-0.44296 -0.47441
-0.43982 -0.47056
-0.43668 -0.46673
-0.43354 -0.46291
 -0.4304  -0.4591
-0.42726  -0.4553
-0.42411 -0.45152
-0.42097 -0.44774
-0.41783 -0.44397
-0.41469 -0.44022
-0.41155 -0.43647
-0.40841 -0.43274
-0.40527 -0.42901
-0.40212  -0.4253
-0.39898 -0.42159
-0.39584  -0.4179
 -0.3927 -0.41421
-0.38956 -0.41054
-0.38642 -0.40687
-0.38327 -0.40321
-0.38013 -0.39957
-0.37699 -0.39593
-0.37385  -0.3923
-0.37071 -0.38868
-0.36757 -0.38507
-0.36442 -0.38146
-0.36128 -0.37787
-0.35814 -0.37428
  -0.355 -0.37071
-0.35186 -0.36714
-0.34872 -0.36357
-0.34558 -0.36002
-0.34243 -0.35648
-0.33929 -0.35294
-0.33615 -0.34941
-0.33301 -0.34589
-0.32987 -0.34238
-0.32673 -0.33887
-0.32358 -0.33537
-0.32044 -0.33188
 -0.3173  -0.3284
-0.31416 -0.32492
-0.31102 -0.32145
-0.30788 -0.31799
-0.30473 -0.31453
-0.30159 -0.31108
-0.29845 -0.30764
-0.29531  -0.3042
-0.29217 -0.30078
-0.28903 -0.29735
-0.28588 -0.29394
-0.28274 -0.29053
 -0.2796 -0.28712
-0.27646 -0.28373
-0.27332 -0.28033
-0.27018 -0.27695
-0.26704 -0.27357
-0.26389  -0.2702
-0.26075 -0.26683
-0.25761 -0.26346
-0.25447 -0.26011
-0.25133 -0.25676
-0.24819 -0.25341
-0.24504 -0.25007
 -0.2419 -0.24673
-0.23876  -0.2434
-0.23562 -0.24008
-0.23248 -0.23676
-0.22934 -0.23344
-0.22619 -0.23013
-0.22305 -0.22683
-0.21991 -0.22353
-0.21677 -0.22023
-0.21363 -0.21694
-0.21049 -0.21365
-0.20735 -0.21037
 -0.2042 -0.20709
-0.20106 -0.20382
-0.19792 -0.20055
-0.19478 -0.19728
-0.19164 -0.19402
 -0.1885 -0.19076
-0.18535 -0.18751
-0.18221 -0.18426
-0.17907 -0.18101
-0.17593 -0.17777
-0.17279 -0.17453
-0.16965 -0.17129
 -0.1665 -0.16806
-0.16336 -0.16483
-0.16022 -0.16161
-0.15708 -0.15838
-0.15394 -0.15517
 -0.1508 -0.15195
-0.14765 -0.14874
-0.14451 -0.14553
-0.14137 -0.14232
-0.13823 -0.13912
-0.13509 -0.13592
-0.13195 -0.13272
-0.12881 -0.12952
-0.12566 -0.12633
-0.12252 -0.12314
-0.11938 -0.11995
-0.11624 -0.11677
 -0.1131 -0.11358
-0.10996  -0.1104
-0.10681 -0.10722
-0.10367 -0.10405
-0.10053 -0.10087
-0.097389 -0.097698
-0.094248 -0.094528
-0.091106 -0.091359
-0.087965 -0.088192
-0.084823 -0.085027
-0.081681 -0.081864
-0.07854 -0.078702
-0.075398 -0.075541
-0.072257 -0.072383
-0.069115 -0.069225
-0.065973 -0.066069
-0.062832 -0.062915
-0.05969 -0.059761
-0.056549 -0.056609
-0.053407 -0.053458
-0.050265 -0.050308
-0.047124 -0.047159
-0.043982 -0.044011
-0.040841 -0.040863
-0.037699 -0.037717
-0.034558 -0.034571
-0.031416 -0.031426
-0.028274 -0.028282
-0.025133 -0.025138
-0.021991 -0.021995
-0.01885 -0.018852
-0.015708 -0.015709
-0.012566 -0.012567
-0.0094248 -0.0094251
-0.0062832 -0.0062833
-0.0031416 -0.0031416
       0        0
0.0031416 0.0031416
0.0062832 0.0062833
0.0094248 0.0094251
0.012566 0.012567
0.015708 0.015709
 0.01885 0.018852
0.021991 0.021995
0.025133 0.025138
0.028274 0.028282
0.031416 0.031426
0.034558 0.034571
0.037699 0.037717
0.040841 0.040863
0.043982 0.044011
0.047124 0.047159
0.050265 0.050308
0.053407 0.053458
0.056549 0.056609
 0.05969 0.059761
0.062832 0.062915
0.065973 0.066069
0.069115 0.069225
0.072257 0.072383
0.075398 0.075541
 0.07854 0.078702
0.081681 0.081864
0.084823 0.085027
0.087965 0.088192
0.091106 0.091359
0.094248 0.094528
0.097389 0.097698
 0.10053  0.10087
 0.10367  0.10405
 0.10681  0.10722
 0.10996   0.1104
  0.1131  0.11358
 0.11624  0.11677
 0.11938  0.11995
 0.12252  0.12314
 0.12566  0.12633
 0.12881  0.12952
 0.13195  0.13272
 0.13509  0.13592
 0.13823  0.13912
 0.14137  0.14232
 0.14451  0.14553
 0.14765  0.14874
  0.1508  0.15195
 0.15394  0.15517
 0.15708  0.15838
 0.16022  0.16161
 0.16336  0.16483
  0.1665  0.16806
 0.16965  0.17129
 0.17279  0.17453
 0.17593  0.17777
 0.17907  0.18101
 0.18221  0.18426
 0.18535  0.18751
  0.1885  0.19076
 0.19164  0.19402
 0.19478  0.19728
 0.19792  0.20055
 0.20106  0.20382
  0.2042  0.20709
 0.20735  0.21037
 0.21049  0.21365
 0.21363  0.21694
 0.21677  0.22023
 0.21991  0.22353
 0.22305  0.22683
 0.22619  0.23013
 0.22934  0.23344
 0.23248  0.23676
 0.23562  0.24008
 0.23876   0.2434
  0.2419  0.24673
 0.24504  0.25007
 0.24819  0.25341
 0.25133  0.25676
 0.25447  0.26011
 0.25761  0.26346
 0.26075  0.26683
 0.26389   0.2702
 0.26704  0.27357
 0.27018  0.27695
 0.27332  0.28033
 0.27646  0.28373
  0.2796  0.28712
 0.28274  0.29053
 0.28588  0.29394
 0.28903  0.29735
 0.29217  0.30078
 0.29531   0.3042
 0.29845  0.30764
 0.30159  0.31108
 0.30473  0.31453
 0.30788  0.31799
 0.31102  0.32145
 0.31416  0.32492
  0.3173   0.3284
 0.32044  0.33188
 0.32358  0.33537
 0.32673  0.33887
 0.32987  0.34238
 0.33301  0.34589
 0.33615  0.34941
 0.33929  0.35294
 0.34243  0.35648
 0.34558  0.36002
 0.34872  0.36357
 0.35186  0.36714
   0.355  0.37071
 0.35814  0.37428
 0.36128  0.37787
 0.36442  0.38146
 0.36757  0.38507
 0.37071  0.38868
 0.37385   0.3923
 0.37699  0.39593
 0.38013  0.39957
 0.38327  0.40321
 0.38642  0.40687
 0.38956  0.41054
  0.3927  0.41421
 0.39584   0.4179
 0.39898  0.42159
 0.40212   0.4253
 0.40527  0.42901
 0.40841  0.43274
 0.41155  0.43647
 0.41469  0.44022
 0.41783  0.44397
 0.42097  0.44774
 0.42411  0.45152
 0.42726   0.4553
  0.4304   0.4591
 0.43354  0.46291
 0.43668  0.46673
 0.43982  0.47056
 0.44296  0.47441
 0.44611  0.47826
 0.44925  0.48213
 0.45239  0.48601
 0.45553  0.48989
 0.45867   0.4938
 0.46181  0.49771
 0.46496  0.50164
  0.4681  0.50557
 0.47124  0.50953
 0.47438  0.51349
 0.47752  0.51747
 0.48066  0.52145
 0.48381  0.52546
 0.48695  0.52947
 0.49009   0.5335
 0.49323  0.53754
 0.49637   0.5416
 0.49951  0.54567
 0.50265  0.54975
  0.5058  0.55385
 0.50894  0.55797
 0.51208  0.56209
 0.51522  0.56623
 0.51836  0.57039
  0.5215  0.57456
 0.52465  0.57875
 0.52779  0.58295
 0.53093  0.58717
 0.53407   0.5914
 0.53721  0.59565
 0.54035  0.59991
  0.5435  0.60419
 0.54664  0.60849
 0.54978   0.6128
 0.55292  0.61713
 0.55606  0.62148
  0.5592  0.62584
 0.56235  0.63022
 0.56549  0.63462
 0.56863  0.63903
 0.57177  0.64347
 0.57491  0.64792
 0.57805  0.65239
 0.58119  0.65688
 0.58434  0.66138
 0.58748  0.66591
 0.59062  0.67045
 0.59376  0.67502
  0.5969   0.6796
 0.60004   0.6842
 0.60319  0.68882
 0.60633  0.69347
 0.60947  0.69813
 0.61261  0.70281
 0.61575  0.70752
 0.61889  0.71224
 0.62204  0.71699
 0.62518  0.72175
 0.62832  0.72654
 0.63146  0.73135
  0.6346  0.73619
 0.63774  0.74104
 0.64088  0.74592
 0.64403  0.75082
 0.64717  0.75575
 0.65031  0.76069
 0.65345  0.76566
 0.65659  0.77066
 0.65973  0.77568
 0.66288  0.78072
 0.66602  0.78579
 0.66916  0.79089
  0.6723  0.79601
 0.67544  0.80115
 0.67858  0.80632
 0.68173  0.81152
 0.68487  0.81674
 0.68801  0.82199
 0.69115  0.82727
 0.69429  0.83258
 0.69743  0.83791
 0.70058  0.84327
 0.70372  0.84866
 0.70686  0.85408
    0.71  0.85953
 0.71314  0.86501
 0.71628  0.87051
 0.71942  0.87605
 0.72257  0.88162
 0.72571  0.88722
 0.72885  0.89285
 0.73199  0.89851
 0.73513   0.9042
 0.73827  0.90993
 0.74142  0.91569
 0.74456  0.92148
  0.7477  0.92731
 0.75084  0.93317
 0.75398  0.93906
 0.75712  0.94499
 0.76027  0.95096
 0.76341  0.95696
 0.76655  0.96299
 0.76969  0.96907
 0.77283  0.97518
 0.77597  0.98133
 0.77911  0.98751
 0.78226  0.99374
  0.7854        1
 0.78854   1.0063
 0.79168   1.0126
 0.79482    1.019
 0.79796   1.0255
 0.80111   1.0319
 0.80425   1.0384
 0.80739    1.045
 0.81053   1.0516
 0.81367   1.0582
 0.81681   1.0649
 0.81996   1.0716
  0.8231   1.0784
 0.82624   1.0852
 0.82938   1.0921
 0.83252    1.099
 0.83566   1.1059
 0.83881    1.113
 0.84195     1.12
 0.84509   1.1271
 0.84823   1.1343
 0.85137   1.1415
 0.85451   1.1487
 0.85765   1.1561
  0.8608   1.1634
 0.86394   1.1708
 0.86708   1.1783
 0.87022   1.1859
 0.87336   1.1934
  0.8765   1.2011
 0.87965   1.2088
 0.88279   1.2166
 0.88593   1.2244
 0.88907   1.2323
 0.89221   1.2402
 0.89535   1.2482
  0.8985   1.2563
 0.90164   1.2644
 0.90478   1.2726
 0.90792   1.2809
 0.91106   1.2892
  0.9142   1.2976
 0.91734   1.3061
 0.92049   1.3146
 0.92363   1.3232
 0.92677   1.3319
 0.92991   1.3406
 0.93305   1.3495
 0.93619   1.3584
 0.93934   1.3673
 0.94248   1.3764
 0.94562   1.3855
 0.94876   1.3947
  0.9519    1.404
 0.95504   1.4134
 0.95819   1.4229
 0.96133   1.4324
 0.96447    1.442
 0.96761   1.4517
 0.97075   1.4616
 0.97389   1.4715
 0.97704   1.4814
 0.98018   1.4915
 0.98332   1.5017
 0.98646    1.512
  0.9896   1.5224
 0.99274   1.5328
 0.99588   1.5434
 0.99903   1.5541
  1.0022   1.5649
  1.0053   1.5757
  1.0085   1.5867
  1.0116   1.5979
  1.0147   1.6091
  1.0179   1.6204
   1.021   1.6319
  1.0242   1.6434
  1.0273   1.6551
  1.0304   1.6669
  1.0336   1.6788
  1.0367   1.6909
  1.0399   1.7031
   1.043   1.7154
  1.0462   1.7279
  1.0493   1.7405
  1.0524   1.7532
  1.0556   1.7661
  1.0587   1.7791
  1.0619   1.7922
   1.065   1.8055
  1.0681    1.819
  1.0713   1.8326
  1.0744   1.8464
  1.0776   1.8603
  1.0807   1.8744
  1.0838   1.8887
   1.087   1.9031
  1.0901   1.9177
  1.0933   1.9325
  1.0964   1.9475
  1.0996   1.9626
  1.1027   1.9779
  1.1058   1.9935
   1.109   2.0092
  1.1121   2.0251
  1.1153   2.0413
  1.1184   2.0576
  1.1215   2.0741
  1.1247   2.0909
  1.1278   2.1079
   1.131   2.1251
  1.1341   2.1426
  1.1373   2.1602
  1.1404   2.1782
  1.1435   2.1963
  1.1467   2.2148
  1.1498   2.2334
   1.153   2.2524
  1.1561   2.2716
  1.1592   2.2911
  1.1624   2.3109
  1.1655   2.3309
  1.1687   2.3513
  1.1718   2.3719
   1.175   2.3929
  1.1781   2.4142
  1.1812   2.4358
  1.1844   2.4578
  1.1875   2.4801
  1.1907   2.5027
  1.1938   2.5257
  1.1969   2.5491
  1.2001   2.5728
  1.2032    2.597
  1.2064   2.6215
  1.2095   2.6464
  1.2127   2.6718
  1.2158   2.6976
  1.2189   2.7238
  1.2221   2.7505
  1.2252   2.7776
  1.2284   2.8052
  1.2315   2.8333
  1.2346    2.862
  1.2378   2.8911
  1.2409   2.9208
  1.2441    2.951
  1.2472   2.9818
  1.2504   3.0131
  1.2535   3.0451
  1.2566   3.0777
  1.2598   3.1109
  1.2629   3.1448
  1.2661   3.1793
  1.2692   3.2146
  1.2723   3.2505
  1.2755   3.2873
  1.2786   3.3247
  1.2818    3.363
  1.2849   3.4021
  1.2881    3.442
  1.2912   3.4828
  1.2943   3.5245
  1.2975   3.5672
  1.3006   3.6108
  1.3038   3.6554
  1.3069    3.701
    1.31   3.7477
  1.3132   3.7956
  1.3163   3.8446
  1.3195   3.8947
  1.3226   3.9462
  1.3258   3.9989
  1.3289   4.0529
   1.332   4.1084
  1.3352   4.1653
  1.3383   4.2237
  1.3415   4.2837
  1.3446   4.3453
  1.3477   4.4086
  1.3509   4.4737
   1.354   4.5407
  1.3572   4.6096
  1.3603   4.6805
  1.3635   4.7536
  1.3666   4.8288
  1.3697   4.9064
  1.3729   4.9864
   1.376   5.0689
  1.3792   5.1542
  1.3823   5.2422
  1.3854   5.3332
  1.3886   5.4272
  1.3917   5.5246
  1.3949   5.6253
   1.398   5.7297
  1.4012    5.838
  1.4043   5.9502
  1.4074   6.0668
  1.4106   6.1879
  1.4137   6.3137
  1.4169   6.4447
    1.42   6.5811
  1.4231   6.7233
  1.4263   6.8715
  1.4294   7.0264
  1.4326   7.1882
  1.4357   7.3575
  1.4388   7.5348
   1.442   7.7207
  1.4451   7.9158
  1.4483   8.1209
  1.4514   8.3367
  1.4546   8.5642
  1.4577   8.8042
  1.4608   9.0579
   1.464   9.3264
  1.4671   9.6112
  1.4703   9.9136
  1.4734   10.236
  1.4765   10.579
  1.4797   10.946
  1.4828   11.339
   1.486   11.761
  1.4891   12.215
  1.4923   12.706
  1.4954   13.238
  1.4985   13.815
  1.5017   14.446
  1.5048   15.136
   1.508   15.895
  1.5111   16.733
  1.5142   17.665
  1.5174   18.706
  1.5205   19.878
  1.5237   21.205
  1.5268   22.722
    1.53   24.472
  1.5331   26.513
  1.5362   28.926
  1.5394    31.82
  1.5425   35.358
  1.5457    39.78
  1.5488   45.465
  1.5519   53.045
  1.5551   63.656
  1.5582   79.573
  1.5614    106.1
  1.5645   159.15
  1.5677    318.3
