    1  2.000e+00  2.000e+00  2.000e+00 f() = 336.408 size = 0.866
    2  2.000e+00  2.000e+00  2.000e+00 f() = 336.408 size = 0.866
    3  2.000e+00  2.000e+00  2.000e+00 f() = 336.408 size = 0.750
    4  2.000e+00  2.000e+00  2.000e+00 f() = 336.408 size = 0.625
    5  2.130e+00  3.870e+00  1.648e+00 f() = 265.593 size = 0.997
    6  2.130e+00  3.870e+00  1.648e+00 f() = 265.593 size = 0.921
    7  3.506e+00  4.160e+00  1.198e+00 f() = 106.718 size = 1.258
    8  3.506e+00  4.160e+00  1.198e+00 f() = 106.718 size = 1.111
    9  3.506e+00  4.160e+00  1.198e+00 f() = 106.718 size = 1.111
   10  3.506e+00  4.160e+00  1.198e+00 f() = 106.718 size = 0.929
   11  3.506e+00  4.160e+00  1.198e+00 f() = 106.718 size = 0.537
   12  3.506e+00  4.160e+00  1.198e+00 f() = 106.718 size = 0.537
   13  3.651e+00  2.664e+00  1.237e+00 f() =  77.388 size = 0.705
   14  4.526e+00  4.307e+00  4.645e-01 f() =  39.150 size = 0.920
   15  4.828e+00  3.567e+00  6.448e-01 f() =  26.657 size = 0.920
   16  4.828e+00  3.567e+00  6.448e-01 f() =  26.657 size = 0.817
   17  4.828e+00  3.567e+00  6.448e-01 f() =  26.657 size = 0.817
   18  4.386e+00  4.088e+00  7.069e-01 f() =  21.963 size = 0.682
   19  5.082e+00  4.226e+00  5.451e-01 f() =  20.118 size = 0.682
   20  4.548e+00  3.369e+00  8.671e-01 f() =  15.255 size = 0.459
   21  4.548e+00  3.369e+00  8.671e-01 f() =  15.255 size = 0.438
   22  5.201e+00  3.462e+00  6.849e-01 f() =  12.639 size = 0.438
   23  4.957e+00  3.873e+00  6.438e-01 f() =  11.885 size = 0.328
   24  5.207e+00  3.242e+00  8.446e-01 f() =   7.146 size = 0.370
   25  5.207e+00  3.242e+00  8.446e-01 f() =   7.146 size = 0.291
   26  5.207e+00  3.242e+00  8.446e-01 f() =   7.146 size = 0.291
   27  4.926e+00  2.523e+00  1.191e+00 f() =   6.183 size = 0.466
   28  4.926e+00  2.523e+00  1.191e+00 f() =   6.183 size = 0.417
   29  5.183e+00  2.613e+00  1.155e+00 f() =   3.852 size = 0.417
   30  5.183e+00  2.613e+00  1.155e+00 f() =   3.852 size = 0.368
   31  5.183e+00  2.613e+00  1.155e+00 f() =   3.852 size = 0.271
   32  5.008e+00  2.706e+00  1.114e+00 f() =   3.423 size = 0.218
   33  5.008e+00  2.706e+00  1.114e+00 f() =   3.423 size = 0.191
   34  5.008e+00  2.706e+00  1.114e+00 f() =   3.423 size = 0.148
   35  5.112e+00  2.722e+00  1.109e+00 f() =   3.303 size = 0.106
   36  5.067e+00  2.838e+00  1.058e+00 f() =   3.235 size = 0.090
   37  5.067e+00  2.838e+00  1.058e+00 f() =   3.235 size = 0.090
   38  5.048e+00  2.718e+00  1.108e+00 f() =   3.190 size = 0.084
   39  5.082e+00  2.694e+00  1.115e+00 f() =   3.151 size = 0.065
   40  5.082e+00  2.694e+00  1.115e+00 f() =   3.151 size = 0.065
   41  5.058e+00  2.784e+00  1.079e+00 f() =   3.121 size = 0.048
   42  5.058e+00  2.784e+00  1.079e+00 f() =   3.121 size = 0.040
   43  5.084e+00  2.797e+00  1.068e+00 f() =   3.089 size = 0.047
   44  5.084e+00  2.797e+00  1.068e+00 f() =   3.089 size = 0.031
   45  5.084e+00  2.797e+00  1.068e+00 f() =   3.089 size = 0.028
   46  5.095e+00  2.729e+00  1.093e+00 f() =   3.017 size = 0.032
   47  5.095e+00  2.729e+00  1.093e+00 f() =   3.017 size = 0.032
   48  5.095e+00  2.729e+00  1.093e+00 f() =   3.017 size = 0.032
   49  5.135e+00  2.703e+00  1.097e+00 f() =   2.994 size = 0.032
   50  5.135e+00  2.703e+00  1.097e+00 f() =   2.994 size = 0.024
   51  5.126e+00  2.695e+00  1.097e+00 f() =   2.988 size = 0.028
   52  5.157e+00  2.704e+00  1.090e+00 f() =   2.986 size = 0.028
   53  5.129e+00  2.726e+00  1.087e+00 f() =   2.984 size = 0.017
   54  5.140e+00  2.713e+00  1.086e+00 f() =   2.972 size = 0.017
   55  5.140e+00  2.713e+00  1.086e+00 f() =   2.972 size = 0.014
   56  5.140e+00  2.713e+00  1.086e+00 f() =   2.972 size = 0.014
   57  5.140e+00  2.713e+00  1.086e+00 f() =   2.972 size = 0.013
converged to minimum at:
   58  5.122e+00  2.719e+00  1.088e+00 f() =   2.972 size = 0.009
