    1 -3.500e+00  1.520e+02 f() = 1953026.500 size = 1.130
    2 -4.500e+00  1.507e+02 f() = 1703055.250 size = 1.409
    3 -9.000e+00  1.531e+02 f() = 520301.562 size = 2.581
    4 -1.325e+01  1.518e+02 f() = 56609.313 size = 3.702
    5 -1.325e+01  1.518e+02 f() = 56609.313 size = 2.429
    6 -1.325e+01  1.518e+02 f() = 56609.313 size = 2.429
    7 -1.142e+01  1.528e+02 f() = 50278.473 size = 1.392
    8 -1.142e+01  1.528e+02 f() = 50278.473 size = 1.018
    9 -1.181e+01  1.521e+02 f() = 16018.821 size = 0.900
   10 -1.243e+01  1.521e+02 f() = 777.667 size = 0.543
   11 -1.243e+01  1.521e+02 f() = 777.667 size = 0.350
   12 -1.243e+01  1.521e+02 f() = 777.667 size = 0.225
   13 -1.229e+01  1.520e+02 f() = 254.457 size = 0.181
   14 -1.229e+01  1.520e+02 f() = 254.457 size = 0.181
   15 -1.235e+01  1.522e+02 f() = 197.428 size = 0.168
   16 -1.235e+01  1.522e+02 f() = 197.428 size = 0.108
   17 -1.232e+01  1.520e+02 f() = 179.383 size = 0.102
   18 -1.232e+01  1.520e+02 f() = 179.383 size = 0.075
   19 -1.232e+01  1.520e+02 f() = 179.383 size = 0.068
   20 -1.233e+01  1.521e+02 f() = 178.360 size = 0.053
   21 -1.233e+01  1.521e+02 f() = 177.800 size = 0.047
   22 -1.233e+01  1.521e+02 f() = 177.800 size = 0.025
   23 -1.233e+01  1.521e+02 f() = 177.800 size = 0.025
   24 -1.233e+01  1.521e+02 f() = 177.800 size = 0.025
   25 -1.233e+01  1.520e+02 f() = 177.723 size = 0.025
   26 -1.233e+01  1.521e+02 f() = 177.719 size = 0.025
   27 -1.233e+01  1.520e+02 f() = 177.650 size = 0.045
   28 -1.233e+01  1.520e+02 f() = 177.650 size = 0.044
   29 -1.232e+01  1.518e+02 f() = 177.516 size = 0.075
   30 -1.232e+01  1.518e+02 f() = 177.516 size = 0.075
   31 -1.231e+01  1.515e+02 f() = 177.393 size = 0.142
   32 -1.231e+01  1.515e+02 f() = 177.122 size = 0.163
   33 -1.228e+01  1.508e+02 f() = 176.789 size = 0.325
   34 -1.226e+01  1.504e+02 f() = 175.972 size = 0.443
   35 -1.220e+01  1.489e+02 f() = 174.980 size = 0.840
   36 -1.213e+01  1.473e+02 f() = 172.584 size = 1.275
   37 -1.197e+01  1.434e+02 f() = 168.706 size = 2.294
   38 -1.177e+01  1.383e+02 f() = 165.265 size = 3.676
   39 -1.160e+01  1.344e+02 f() = 164.125 size = 3.676
   40 -1.160e+01  1.344e+02 f() = 164.125 size = 2.294
   41 -1.162e+01  1.349e+02 f() = 159.769 size = 2.480
   42 -1.162e+01  1.349e+02 f() = 159.769 size = 1.249
   43 -1.162e+01  1.349e+02 f() = 159.769 size = 1.057
   44 -1.153e+01  1.331e+02 f() = 157.173 size = 1.557
   45 -1.133e+01  1.281e+02 f() = 154.341 size = 2.845
   46 -1.106e+01  1.221e+02 f() = 149.975 size = 4.494
   47 -1.106e+01  1.221e+02 f() = 149.975 size = 3.103
   48 -1.098e+01  1.205e+02 f() = 144.218 size = 3.736
   49 -1.098e+01  1.205e+02 f() = 144.218 size = 1.951
   50 -1.098e+01  1.205e+02 f() = 144.218 size = 1.951
   51 -1.076e+01  1.158e+02 f() = 138.316 size = 3.225
   52 -1.076e+01  1.158e+02 f() = 138.316 size = 3.225
   53 -1.076e+01  1.158e+02 f() = 138.316 size = 3.225
   54 -1.049e+01  1.102e+02 f() = 134.667 size = 3.293
   55 -1.051e+01  1.105e+02 f() = 133.168 size = 2.562
   56 -9.990e+00  9.949e+01 f() = 130.717 size = 5.122
   57 -1.037e+01  1.076e+02 f() = 129.405 size = 4.652
   58 -1.037e+01  1.076e+02 f() = 129.405 size = 4.652
   59 -1.023e+01  1.047e+02 f() = 127.087 size = 4.652
   60 -1.007e+01  1.014e+02 f() = 123.462 size = 2.537
   61 -9.932e+00  9.853e+01 f() = 120.649 size = 2.537
   62 -9.932e+00  9.853e+01 f() = 120.649 size = 1.624
   63 -9.932e+00  9.853e+01 f() = 120.649 size = 1.299
   64 -9.838e+00  9.674e+01 f() = 117.801 size = 1.816
   65 -9.838e+00  9.674e+01 f() = 117.801 size = 1.816
   66 -9.460e+00  8.922e+01 f() = 117.552 size = 3.121
   67 -9.527e+00  9.071e+01 f() = 111.166 size = 3.256
   68 -9.527e+00  9.071e+01 f() = 111.166 size = 1.711
   69 -9.527e+00  9.071e+01 f() = 111.166 size = 1.268
   70 -9.455e+00  8.951e+01 f() = 110.470 size = 1.644
   71 -9.144e+00  8.346e+01 f() = 105.475 size = 3.177
   72 -8.845e+00  7.804e+01 f() = 100.867 size = 4.692
   73 -8.845e+00  7.804e+01 f() = 100.867 size = 3.031
   74 -8.817e+00  7.784e+01 f() =  97.407 size = 3.396
   75 -8.817e+00  7.784e+01 f() =  97.407 size = 1.700
   76 -8.817e+00  7.784e+01 f() =  97.407 size = 1.561
   77 -8.495e+00  7.198e+01 f() =  93.400 size = 3.036
   78 -8.200e+00  6.700e+01 f() =  90.049 size = 4.435
   79 -8.200e+00  6.700e+01 f() =  90.049 size = 2.833
   80 -8.183e+00  6.704e+01 f() =  84.919 size = 3.137
   81 -8.183e+00  6.704e+01 f() =  84.919 size = 1.569
   82 -8.183e+00  6.704e+01 f() =  84.919 size = 1.409
   83 -7.865e+00  6.164e+01 f() =  82.941 size = 2.759
   84 -7.587e+00  5.733e+01 f() =  79.071 size = 3.979
   85 -7.587e+00  5.733e+01 f() =  79.071 size = 2.509
   86 -7.583e+00  5.760e+01 f() =  74.765 size = 2.740
   87 -7.583e+00  5.760e+01 f() =  74.765 size = 1.374
   88 -7.583e+00  5.760e+01 f() =  74.765 size = 1.196
   89 -7.282e+00  5.291e+01 f() =  70.032 size = 2.359
   90 -7.034e+00  4.945e+01 f() =  64.613 size = 3.347
   91 -7.034e+00  4.945e+01 f() =  64.613 size = 2.074
   92 -7.034e+00  4.945e+01 f() =  64.613 size = 1.605
   93 -7.034e+00  4.945e+01 f() =  64.613 size = 1.605
   94 -6.547e+00  4.260e+01 f() =  63.797 size = 3.208
   95 -6.903e+00  4.768e+01 f() =  62.512 size = 2.910
   96 -6.880e+00  4.730e+01 f() =  62.199 size = 2.314
   97 -6.719e+00  4.505e+01 f() =  60.667 size = 1.165
   98 -6.719e+00  4.505e+01 f() =  60.667 size = 1.165
   99 -6.719e+00  4.505e+01 f() =  60.667 size = 0.598
  100 -6.719e+00  4.505e+01 f() =  60.667 size = 0.598
  101 -6.718e+00  4.510e+01 f() =  59.631 size = 0.654
  102 -6.718e+00  4.510e+01 f() =  59.631 size = 0.654
  103 -6.568e+00  4.310e+01 f() =  57.397 size = 0.842
  104 -6.568e+00  4.310e+01 f() =  57.397 size = 0.842
  105 -6.415e+00  4.122e+01 f() =  55.402 size = 1.355
  106 -6.317e+00  3.980e+01 f() =  54.535 size = 1.355
  107 -5.962e+00  3.533e+01 f() =  53.292 size = 2.518
  108 -6.277e+00  3.939e+01 f() =  52.974 size = 2.027
  109 -5.922e+00  3.491e+01 f() =  50.499 size = 2.027
  110 -5.922e+00  3.491e+01 f() =  50.499 size = 2.027
  111 -5.883e+00  3.450e+01 f() =  48.469 size = 2.027
  112 -5.883e+00  3.450e+01 f() =  48.469 size = 1.024
  113 -5.883e+00  3.450e+01 f() =  48.469 size = 1.024
  114 -5.729e+00  3.271e+01 f() =  46.623 size = 1.524
  115 -5.729e+00  3.271e+01 f() =  46.623 size = 0.992
  116 -5.706e+00  3.259e+01 f() =  45.065 size = 1.121
  117 -5.517e+00  3.028e+01 f() =  44.953 size = 1.121
  118 -5.376e+00  2.888e+01 f() =  40.671 size = 1.533
  119 -5.376e+00  2.888e+01 f() =  40.671 size = 0.913
  120 -5.376e+00  2.888e+01 f() =  40.671 size = 0.905
  121 -5.095e+00  2.591e+01 f() =  37.317 size = 1.678
  122 -5.095e+00  2.591e+01 f() =  37.317 size = 1.678
  123 -5.095e+00  2.591e+01 f() =  37.317 size = 0.905
  124 -5.095e+00  2.591e+01 f() =  37.317 size = 0.633
  125 -5.095e+00  2.591e+01 f() =  37.317 size = 0.633
  126 -4.918e+00  2.412e+01 f() =  35.468 size = 0.774
  127 -4.918e+00  2.412e+01 f() =  35.468 size = 0.774
  128 -4.761e+00  2.266e+01 f() =  33.200 size = 1.179
  129 -4.761e+00  2.266e+01 f() =  33.200 size = 0.785
  130 -4.579e+00  2.086e+01 f() =  32.143 size = 0.785
  131 -4.539e+00  2.064e+01 f() =  30.847 size = 0.910
  132 -4.356e+00  1.884e+01 f() =  30.481 size = 0.910
  133 -4.186e+00  1.750e+01 f() =  26.914 size = 1.294
  134 -4.186e+00  1.750e+01 f() =  26.914 size = 0.804
  135 -4.186e+00  1.750e+01 f() =  26.914 size = 0.788
  136 -3.866e+00  1.483e+01 f() =  24.886 size = 1.481
  137 -3.866e+00  1.483e+01 f() =  24.886 size = 1.205
  138 -3.825e+00  1.455e+01 f() =  24.052 size = 1.205
  139 -3.825e+00  1.455e+01 f() =  24.052 size = 0.611
  140 -3.825e+00  1.455e+01 f() =  24.052 size = 0.322
  141 -3.887e+00  1.513e+01 f() =  23.935 size = 0.333
  142 -3.728e+00  1.388e+01 f() =  22.408 size = 0.518
  143 -3.728e+00  1.388e+01 f() =  22.408 size = 0.518
  144 -3.503e+00  1.224e+01 f() =  20.341 size = 0.948
  145 -3.503e+00  1.224e+01 f() =  20.341 size = 0.751
  146 -3.503e+00  1.224e+01 f() =  20.341 size = 0.378
  147 -3.311e+00  1.092e+01 f() =  18.812 size = 0.548
  148 -3.311e+00  1.092e+01 f() =  18.812 size = 0.548
  149 -3.069e+00  9.363e+00 f() =  16.886 size = 0.963
  150 -3.069e+00  9.363e+00 f() =  16.886 size = 0.736
  151 -2.928e+00  8.551e+00 f() =  15.468 size = 0.984
  152 -2.928e+00  8.551e+00 f() =  15.468 size = 0.572
  153 -2.928e+00  8.551e+00 f() =  15.468 size = 0.572
  154 -2.928e+00  8.551e+00 f() =  15.468 size = 0.572
  155 -2.755e+00  7.614e+00 f() =  14.161 size = 0.581
  156 -2.755e+00  7.614e+00 f() =  14.161 size = 0.445
  157 -2.601e+00  6.692e+00 f() =  13.527 size = 0.445
  158 -2.485e+00  6.200e+00 f() =  12.199 size = 0.596
  159 -2.485e+00  6.200e+00 f() =  12.199 size = 0.348
  160 -2.182e+00  4.709e+00 f() =  10.406 size = 0.652
  161 -2.182e+00  4.709e+00 f() =  10.406 size = 0.652
  162 -2.066e+00  4.217e+00 f() =   9.682 size = 0.348
  163 -2.066e+00  4.217e+00 f() =   9.682 size = 0.249
  164 -2.001e+00  4.041e+00 f() =   9.140 size = 0.313
  165 -1.890e+00  3.503e+00 f() =   8.849 size = 0.313
  166 -1.704e+00  2.880e+00 f() =   7.367 size = 0.490
  167 -1.704e+00  2.880e+00 f() =   7.367 size = 0.336
  168 -1.704e+00  2.880e+00 f() =   7.367 size = 0.336
  169 -1.518e+00  2.257e+00 f() =   6.551 size = 0.336
  170 -1.518e+00  2.257e+00 f() =   6.551 size = 0.285
  171 -1.361e+00  1.797e+00 f() =   5.886 size = 0.420
  172 -1.361e+00  1.797e+00 f() =   5.886 size = 0.271
  173 -1.332e+00  1.788e+00 f() =   5.455 size = 0.304
  174 -1.245e+00  1.487e+00 f() =   5.441 size = 0.152
  175 -1.144e+00  1.317e+00 f() =   4.603 size = 0.209
  176 -1.144e+00  1.317e+00 f() =   4.603 size = 0.209
  177 -9.549e-01  8.458e-01 f() =   4.257 size = 0.209
  178 -9.549e-01  8.458e-01 f() =   4.257 size = 0.209
  179 -8.535e-01  6.759e-01 f() =   3.713 size = 0.209
  180 -8.535e-01  6.759e-01 f() =   3.713 size = 0.126
  181 -8.720e-01  7.839e-01 f() =   3.560 size = 0.126
  182 -7.522e-01  5.059e-01 f() =   3.429 size = 0.126
  183 -7.292e-01  5.830e-01 f() =   3.253 size = 0.133
  184 -6.095e-01  3.051e-01 f() =   3.031 size = 0.133
  185 -5.036e-01  3.202e-01 f() =   2.705 size = 0.157
  186 -5.036e-01  3.202e-01 f() =   2.705 size = 0.157
  187 -1.122e-01 -6.639e-02 f() =   1.860 size = 0.231
  188 -1.122e-01 -6.639e-02 f() =   1.860 size = 0.226
  189 -1.122e-01 -6.639e-02 f() =   1.860 size = 0.150
  190 -2.976e-01  8.688e-02 f() =   1.684 size = 0.124
  191 -6.394e-02 -6.410e-02 f() =   1.597 size = 0.124
  192 -6.394e-02 -6.410e-02 f() =   1.597 size = 0.124
  193 -1.574e-02 -6.182e-02 f() =   1.417 size = 0.124
  194 -1.446e-01  1.310e-02 f() =   1.316 size = 0.064
  195 -9.643e-02  1.539e-02 f() =   1.206 size = 0.064
  196 -9.643e-02  1.539e-02 f() =   1.206 size = 0.036
  197  4.243e-02 -3.880e-02 f() =   1.082 size = 0.064
  198  5.527e-02  1.245e-02 f() =   0.901 size = 0.073
  199  5.527e-02  1.245e-02 f() =   0.901 size = 0.041
  200  5.527e-02  1.245e-02 f() =   0.901 size = 0.035
  201  1.741e-01 -7.562e-03 f() =   0.826 size = 0.064
  202  2.859e-01  3.936e-02 f() =   0.690 size = 0.096
  203  2.859e-01  3.936e-02 f() =   0.690 size = 0.064
  204  2.946e-01  9.542e-02 f() =   0.505 size = 0.078
  205  2.946e-01  9.542e-02 f() =   0.505 size = 0.044
  206  2.946e-01  9.542e-02 f() =   0.505 size = 0.040
  207  4.151e-01  1.422e-01 f() =   0.433 size = 0.073
  208  5.230e-01  2.489e-01 f() =   0.288 size = 0.113
  209  5.230e-01  2.489e-01 f() =   0.288 size = 0.078
  210  4.898e-01  2.522e-01 f() =   0.275 size = 0.078
  211  5.687e-01  3.031e-01 f() =   0.227 size = 0.041
  212  5.687e-01  3.031e-01 f() =   0.227 size = 0.041
  213  6.144e-01  3.573e-01 f() =   0.189 size = 0.041
  214  6.144e-01  3.573e-01 f() =   0.189 size = 0.032
  215  6.295e-01  4.072e-01 f() =   0.149 size = 0.046
  216  6.804e-01  4.462e-01 f() =   0.130 size = 0.046
  217  7.359e-01  5.655e-01 f() =   0.127 size = 0.080
  218  7.868e-01  6.045e-01 f() =   0.066 size = 0.080
  219  9.233e-01  8.627e-01 f() =   0.016 size = 0.154
  220  9.233e-01  8.627e-01 f() =   0.016 size = 0.129
  221  9.233e-01  8.627e-01 f() =   0.016 size = 0.129
  222  9.233e-01  8.627e-01 f() =   0.016 size = 0.066
  223  9.013e-01  8.051e-01 f() =   0.015 size = 0.065
  224  1.031e+00  1.057e+00 f() =   0.005 size = 0.122
  225  9.448e-01  8.969e-01 f() =   0.005 size = 0.117
  226  1.031e+00  1.063e+00 f() =   0.001 size = 0.087
  227  1.010e+00  1.018e+00 f() =   0.000 size = 0.079
  228  1.010e+00  1.018e+00 f() =   0.000 size = 0.043
  229  1.010e+00  1.018e+00 f() =   0.000 size = 0.028
  230  9.927e-01  9.859e-01 f() =   0.000 size = 0.015
  231  1.001e+00  1.003e+00 f() =   0.000 size = 0.015
  232  1.003e+00  1.007e+00 f() =   0.000 size = 0.010
  233  1.003e+00  1.007e+00 f() =   0.000 size = 0.005
  234  1.000e+00  9.998e-01 f() =   0.000 size = 0.005
  235  9.996e-01  9.993e-01 f() =   0.000 size = 0.004
  236  9.996e-01  9.993e-01 f() =   0.000 size = 0.002
  237  9.996e-01  9.993e-01 f() =   0.000 size = 0.002
  238  9.996e-01  9.993e-01 f() =   0.000 size = 0.002
  239  9.999e-01  9.997e-01 f() =   0.000 size = 0.001
  240  1.000e+00  1.001e+00 f() =   0.000 size = 0.001
  241  9.999e-01  9.997e-01 f() =   0.000 size = 0.001
  242  9.999e-01  9.997e-01 f() =   0.000 size = 0.000
  243  1.000e+00  1.000e+00 f() =   0.000 size = 0.000
  244  1.000e+00  1.000e+00 f() =   0.000 size = 0.000
  245  1.000e+00  9.999e-01 f() =   0.000 size = 0.000
  246  1.000e+00  9.999e-01 f() =   0.000 size = 0.000
  247  1.000e+00  1.000e+00 f() =   0.000 size = 0.000
  248  1.000e+00  1.000e+00 f() =   0.000 size = 0.000
  249  1.000e+00  1.000e+00 f() =   0.000 size = 0.000
  250  1.000e+00  1.000e+00 f() =   0.000 size = 0.000
  251  1.000e+00  1.000e+00 f() =   0.000 size = 0.000
  252  1.000e+00  1.000e+00 f() =   0.000 size = 0.000
  253  1.000e+00  1.000e+00 f() =   0.000 size = 0.000
  254  1.000e+00  1.000e+00 f() =   0.000 size = 0.000
  255  1.000e+00  1.000e+00 f() =   0.000 size = 0.000
  256  1.000e+00  1.000e+00 f() =   0.000 size = 0.000
  257  1.000e+00  1.000e+00 f() =   0.000 size = 0.000
  258  1.000e+00  1.000e+00 f() =   0.000 size = 0.000
  259  1.000e+00  1.000e+00 f() =   0.000 size = 0.000
  260  1.000e+00  1.000e+00 f() =   0.000 size = 0.000
  261  1.000e+00  1.000e+00 f() =   0.000 size = 0.000
  262  1.000e+00  1.000e+00 f() =   0.000 size = 0.000
  263  1.000e+00  1.000e+00 f() =   0.000 size = 0.000
  264  1.000e+00  1.000e+00 f() =   0.000 size = 0.000
  265  1.000e+00  1.000e+00 f() =   0.000 size = 0.000
  266  1.000e+00  1.000e+00 f() =   0.000 size = 0.000
  267  1.000e+00  1.000e+00 f() =   0.000 size = 0.000
  268  1.000e+00  1.000e+00 f() =   0.000 size = 0.000
  269  1.000e+00  1.000e+00 f() =   0.000 size = 0.000
  270  1.000e+00  1.000e+00 f() =   0.000 size = 0.000
  271  1.000e+00  1.000e+00 f() =   0.000 size = 0.000
  272  1.000e+00  1.000e+00 f() =   0.000 size = 0.000
  273  1.000e+00  1.000e+00 f() =   0.000 size = 0.000
  274  1.000e+00  1.000e+00 f() =   0.000 size = 0.000
  275  1.000e+00  1.000e+00 f() =   0.000 size = 0.000
  276  1.000e+00  1.000e+00 f() =   0.000 size = 0.000
  277  1.000e+00  1.000e+00 f() =   0.000 size = 0.000
  278  1.000e+00  1.000e+00 f() =   0.000 size = 0.000
  279  1.000e+00  1.000e+00 f() =   0.000 size = 0.000
  280  1.000e+00  1.000e+00 f() =   0.000 size = 0.000
  281  1.000e+00  1.000e+00 f() =   0.000 size = 0.000
  282  1.000e+00  1.000e+00 f() =   0.000 size = 0.000
  283  1.000e+00  1.000e+00 f() =   0.000 size = 0.000
  284  1.000e+00  1.000e+00 f() =   0.000 size = 0.000
  285  1.000e+00  1.000e+00 f() =   0.000 size = 0.000
  286  1.000e+00  1.000e+00 f() =   0.000 size = 0.000
  287  1.000e+00  1.000e+00 f() =   0.000 size = 0.000
  288  1.000e+00  1.000e+00 f() =   0.000 size = 0.000
  289  1.000e+00  1.000e+00 f() =   0.000 size = 0.000
  290  1.000e+00  1.000e+00 f() =   0.000 size = 0.000
  291  1.000e+00  1.000e+00 f() =   0.000 size = 0.000
  292  1.000e+00  1.000e+00 f() =   0.000 size = 0.000
  293  1.000e+00  1.000e+00 f() =   0.000 size = 0.000
  294  1.000e+00  1.000e+00 f() =   0.000 size = 0.000
  295  1.000e+00  1.000e+00 f() =   0.000 size = 0.000
  296  1.000e+00  1.000e+00 f() =   0.000 size = 0.000
  297  1.000e+00  1.000e+00 f() =   0.000 size = 0.000
  298  1.000e+00  1.000e+00 f() =   0.000 size = 0.000
  299  1.000e+00  1.000e+00 f() =   0.000 size = 0.000
  300  1.000e+00  1.000e+00 f() =   0.000 size = 0.000
  301  1.000e+00  1.000e+00 f() =   0.000 size = 0.000
  302  1.000e+00  1.000e+00 f() =   0.000 size = 0.000
  303  1.000e+00  1.000e+00 f() =   0.000 size = 0.000
  304  1.000e+00  1.000e+00 f() =   0.000 size = 0.000
  305  1.000e+00  1.000e+00 f() =   0.000 size = 0.000
  306  1.000e+00  1.000e+00 f() =   0.000 size = 0.000
  307  1.000e+00  1.000e+00 f() =   0.000 size = 0.000
  308  1.000e+00  1.000e+00 f() =   0.000 size = 0.000
  309  1.000e+00  1.000e+00 f() =   0.000 size = 0.000
  310  1.000e+00  1.000e+00 f() =   0.000 size = 0.000
  311  1.000e+00  1.000e+00 f() =   0.000 size = 0.000
converged to minimum at:
  312  1.000e+00  1.000e+00 f() =   0.000 size = 0.000
