0.04 0.0384237
0.08 0.0737886
0.12 0.106231
0.16 0.135883
0.2 0.162871
0.24 0.187317
0.28 0.209341
0.32 0.229056
0.36 0.246572
0.4 0.261994
0.44 0.275424
0.48 0.286962
0.52 0.296701
0.56 0.304732
0.6 0.311144
0.64 0.31602
0.68 0.319442
0.72 0.321489
0.76 0.322236
0.8 0.321754
0.84 0.320113
0.88 0.317381
0.92 0.313622
0.96 0.308897
1 0.303265
1.04 0.296785
1.08 0.289509
1.12 0.281492
1.16 0.272783
1.2 0.26343
1.24 0.253479
1.28 0.242976
1.32 0.231963
1.36 0.22048
1.4 0.208566
1.44 0.196259
1.48 0.183593
1.52 0.170605
1.56 0.157325
1.6 0.143785
1.64 0.130015
1.68 0.116044
1.72 0.101897
1.76 0.0876022
1.8 0.0731826
1.84 0.058662
1.88 0.0440628
1.92 0.0294062
1.96 0.0147122
